Checking whether the ASM compiler is GNU using "--version" did not match "(GNU assembler)|(GCC)|(Free Software Foundation)":
Microsoft (R) C/C++ Optimizing Compiler Version 19.29.30138 for x64
Copyright (C) Microsoft Corporation.  All rights reserved.

cl : Command line warning D9002 : ignoring unknown option '--version'
cl : Command line error D8003 : missing source filename
Checking whether the ASM compiler is Clang using "--version" did not match "(clang version)":
Microsoft (R) C/C++ Optimizing Compiler Version 19.29.30138 for x64
Copyright (C) Microsoft Corporation.  All rights reserved.

cl : Command line warning D9002 : ignoring unknown option '--version'
cl : Command line error D8003 : missing source filename
Checking whether the ASM compiler is AppleClang using "--version" did not match "(Apple LLVM version)":
Microsoft (R) C/C++ Optimizing Compiler Version 19.29.30138 for x64
Copyright (C) Microsoft Corporation.  All rights reserved.

cl : Command line warning D9002 : ignoring unknown option '--version'
cl : Command line error D8003 : missing source filename
Checking whether the ASM compiler is ARMClang using "--version" did not match "armclang":
Microsoft (R) C/C++ Optimizing Compiler Version 19.29.30138 for x64
Copyright (C) Microsoft Corporation.  All rights reserved.

cl : Command line warning D9002 : ignoring unknown option '--version'
cl : Command line error D8003 : missing source filename
Checking whether the ASM compiler is HP using "-V" did not match "HP C":
Microsoft (R) C/C++ Optimizing Compiler Version 19.29.30138 for x64
Copyright (C) Microsoft Corporation.  All rights reserved.

cl : Command line error D8004 : '/V' requires an argument
Checking whether the ASM compiler is Intel using "--version" did not match "(ICC)":
Microsoft (R) C/C++ Optimizing Compiler Version 19.29.30138 for x64
Copyright (C) Microsoft Corporation.  All rights reserved.

cl : Command line warning D9002 : ignoring unknown option '--version'
cl : Command line error D8003 : missing source filename
Checking whether the ASM compiler is IntelLLVM using "--version" did not match "(Intel[^
]+oneAPI)":
Microsoft (R) C/C++ Optimizing Compiler Version 19.29.30138 for x64
Copyright (C) Microsoft Corporation.  All rights reserved.

cl : Command line warning D9002 : ignoring unknown option '--version'
cl : Command line error D8003 : missing source filename
Checking whether the ASM compiler is SunPro using "-V" did not match "Sun C":
Microsoft (R) C/C++ Optimizing Compiler Version 19.29.30138 for x64
Copyright (C) Microsoft Corporation.  All rights reserved.

cl : Command line error D8004 : '/V' requires an argument
Checking whether the ASM compiler is XL using "-qversion" did not match "XL C":
Microsoft (R) C/C++ Optimizing Compiler Version 19.29.30138 for x64
Copyright (C) Microsoft Corporation.  All rights reserved.

cl : Command line warning D9002 : ignoring unknown option '-qversion'
cl : Command line error D8003 : missing source filename
Performing C SOURCE FILE Test HAVE_LD_VERSION_SCRIPT failed with the following output:
Change Dir: N:/Development/Dev_Base/libpng-1.6.40/projects/vstudio/CMakeFiles/CMakeTmp

Run Build Command(s):C:/Program Files (x86)/Microsoft Visual Studio/2019/Enterprise/MSBuild/Current/Bin/MSBuild.exe cmTC_677a5.vcxproj /p:Configuration=Debug /p:Platform=x64 /p:VisualStudioVersion=16.0 /v:m && Microsoft (R) Build Engine version 16.11.2+f32259642 for .NET Framework
Copyright (C) Microsoft Corporation. All rights reserved.

  Microsoft (R) C/C++ Optimizing Compiler Version 19.29.30138 for x64
  Copyright (C) Microsoft Corporation.  All rights reserved.
  cl /c /I"C:\Program Files (x86)\Visual Leak Detector\include" /Zi /W3 /WX- /diagnostics:column /Od /Ob0 /D WIN32 /D _WINDOWS /D HAVE_LD_VERSION_SCRIPT /D "CMAKE_INTDIR=\"Debug\"" /D _MBCS /Gm- /RTC1 /MDd /GS /fp:precise /Zc:wchar_t /Zc:forScope /Zc:inline /Fo"cmTC_677a5.dir\Debug\\" /Fd"cmTC_677a5.dir\Debug\vc142.pdb" /external:W3 /Gd /TC /errorReport:queue  "-Wl,--version-script='N:/Development/Dev_Base/libpng-1.6.40/projects/vstudio/conftest.map'" "N:\Development\Dev_Base\libpng-1.6.40\projects\vstudio\CMakeFiles\CMakeTmp\src.c"
cl : command line error D8021: invalid numeric argument '/Wl,--version-script='N:/Development/Dev_Base/libpng-1.6.40/projects/vstudio/conftest.map'' [N:\Development\Dev_Base\libpng-1.6.40\projects\vstudio\CMakeFiles\CMakeTmp\cmTC_677a5.vcxproj]


Source file was:

void sym1(void) {}
void sym2(void) {}
int main(void) { return 0; }

Performing C SOURCE FILE Test HAVE_SOLARIS_LD_VERSION_SCRIPT failed with the following output:
Change Dir: N:/Development/Dev_Base/libpng-1.6.40/projects/vstudio/CMakeFiles/CMakeTmp

Run Build Command(s):C:/Program Files (x86)/Microsoft Visual Studio/2019/Enterprise/MSBuild/Current/Bin/MSBuild.exe cmTC_800f7.vcxproj /p:Configuration=Debug /p:Platform=x64 /p:VisualStudioVersion=16.0 /v:m && Microsoft (R) Build Engine version 16.11.2+f32259642 for .NET Framework
Copyright (C) Microsoft Corporation. All rights reserved.

  Microsoft (R) C/C++ Optimizing Compiler Version 19.29.30138 for x64
  Copyright (C) Microsoft Corporation.  All rights reserved.
  cl /c /I"C:\Program Files (x86)\Visual Leak Detector\include" /Zi /W3 /WX- /diagnostics:column /Od /Ob0 /D WIN32 /D _WINDOWS /D HAVE_SOLARIS_LD_VERSION_SCRIPT /D "CMAKE_INTDIR=\"Debug\"" /D _MBCS /Gm- /RTC1 /MDd /GS /fp:precise /Zc:wchar_t /Zc:forScope /Zc:inline /Fo"cmTC_800f7.dir\Debug\\" /Fd"cmTC_800f7.dir\Debug\vc142.pdb" /external:W3 /Gd /TC /errorReport:queue  -Wl,-M -Wl,N:/Development/Dev_Base/libpng-1.6.40/projects/vstudio/conftest.map "N:\Development\Dev_Base\libpng-1.6.40\projects\vstudio\CMakeFiles\CMakeTmp\src.c"
cl : command line error D8021: invalid numeric argument '/Wl,-M' [N:\Development\Dev_Base\libpng-1.6.40\projects\vstudio\CMakeFiles\CMakeTmp\cmTC_800f7.vcxproj]


Source file was:

void sym1(void) {}
void sym2(void) {}
int main(void) { return 0; }

